<?xml version="1.0" encoding="utf-8"?><testsuites name="pytest tests"><testsuite name="pytest" errors="0" failures="0" skipped="0" tests="17" time="18.264" timestamp="2026-02-12T17:37:32.033966+00:00" hostname="agent-env-d013444a-b35d-4827-84be-bc43ef3b1d86"><testcase classname="backend.tests.test_geo_functionality.TestGEOScoreInAITest" name="test_ai_test_returns_geo_score" time="2.729" /><testcase classname="backend.tests.test_geo_functionality.TestGEOScoreInAITest" name="test_ai_test_returns_generative_readiness" time="0.828" /><testcase classname="backend.tests.test_geo_functionality.TestGEOScoreInAITest" name="test_ai_test_returns_summarization_resilience" time="0.935" /><testcase classname="backend.tests.test_geo_functionality.TestGEOScoreInAITest" name="test_ai_test_returns_brand_retention_probability" time="0.919" /><testcase classname="backend.tests.test_geo_functionality.TestGEOScoreInAITest" name="test_ai_test_returns_detected_brand" time="0.942" /><testcase classname="backend.tests.test_geo_functionality.TestGEOInsights" name="test_ai_test_returns_geo_insights" time="0.888" /><testcase classname="backend.tests.test_geo_functionality.TestGEOInsights" name="test_geo_insights_strengths_structure" time="1.417" /><testcase classname="backend.tests.test_geo_functionality.TestGEOInsights" name="test_geo_insights_weaknesses_structure" time="0.905" /><testcase classname="backend.tests.test_geo_functionality.TestGEOInsights" name="test_geo_insights_suggestions_structure" time="0.683" /><testcase classname="backend.tests.test_geo_functionality.TestGEOScoreCalculation" name="test_geo_score_within_expected_range" time="0.920" /><testcase classname="backend.tests.test_geo_functionality.TestGEOWithDifferentURLs" name="test_wikipedia_url_has_geo_scores" time="1.370" /><testcase classname="backend.tests.test_geo_functionality.TestExistingAITestFunctionality" name="test_citation_probability_still_works" time="0.907" /><testcase classname="backend.tests.test_geo_functionality.TestExistingAITestFunctionality" name="test_position_estimation_still_works" time="0.686" /><testcase classname="backend.tests.test_geo_functionality.TestExistingAITestFunctionality" name="test_citation_gaps_still_work" time="0.696" /><testcase classname="backend.tests.test_geo_functionality.TestExistingAITestFunctionality" name="test_improvement_suggestions_still_work" time="0.708" /><testcase classname="backend.tests.test_geo_functionality.TestExistingAITestFunctionality" name="test_breakdown_still_works" time="0.916" /><testcase classname="backend.tests.test_geo_functionality.TestGEOInTestHistory" name="test_list_ai_tests_includes_geo_score" time="1.728" /></testsuite></testsuites>