<?xml version="1.0" encoding="utf-8"?><testsuites name="pytest tests"><testsuite name="pytest" errors="0" failures="0" skipped="0" tests="31" time="43.124" timestamp="2026-02-12T14:47:10.888574+00:00" hostname="agent-env-d013444a-b35d-4827-84be-bc43ef3b1d86"><testcase classname="backend.tests.test_pinnacle_api.TestHealthEndpoint" name="test_health_endpoint" time="0.879" /><testcase classname="backend.tests.test_pinnacle_api.TestAuthEndpoints" name="test_register_user" time="1.114" /><testcase classname="backend.tests.test_pinnacle_api.TestAuthEndpoints" name="test_login_success" time="1.133" /><testcase classname="backend.tests.test_pinnacle_api.TestAuthEndpoints" name="test_login_invalid_credentials" time="1.127" /><testcase classname="backend.tests.test_pinnacle_api.TestAuthEndpoints" name="test_login_nonexistent_user" time="0.889" /><testcase classname="backend.tests.test_pinnacle_api.TestProtectedRoutesWithoutAuth" name="test_audit_requires_auth" time="0.892" /><testcase classname="backend.tests.test_pinnacle_api.TestProtectedRoutesWithoutAuth" name="test_ai_test_requires_auth" time="0.674" /><testcase classname="backend.tests.test_pinnacle_api.TestProtectedRoutesWithoutAuth" name="test_monitor_requires_auth" time="0.897" /><testcase classname="backend.tests.test_pinnacle_api.TestProtectedRoutesWithoutAuth" name="test_reports_requires_auth" time="0.876" /><testcase classname="backend.tests.test_pinnacle_api.TestProtectedRoutesWithoutAuth" name="test_advanced_audit_requires_auth" time="0.873" /><testcase classname="backend.tests.test_pinnacle_api.TestProtectedRoutesWithoutAuth" name="test_simulate_strategy_requires_auth" time="0.860" /><testcase classname="backend.tests.test_pinnacle_api.TestProtectedRoutesWithoutAuth" name="test_enterprise_compare_requires_auth" time="0.901" /><testcase classname="backend.tests.test_pinnacle_api.TestProtectedRoutesWithoutAuth" name="test_executive_summary_requires_auth" time="0.655" /><testcase classname="backend.tests.test_pinnacle_api.TestAuditEndpoints" name="test_run_audit" time="3.142" /><testcase classname="backend.tests.test_pinnacle_api.TestAuditEndpoints" name="test_list_audits" time="0.906" /><testcase classname="backend.tests.test_pinnacle_api.TestAITestEndpoints" name="test_run_ai_test" time="3.034" /><testcase classname="backend.tests.test_pinnacle_api.TestAITestEndpoints" name="test_ai_test_empty_query_fails" time="1.002" /><testcase classname="backend.tests.test_pinnacle_api.TestAITestEndpoints" name="test_list_ai_tests" time="0.890" /><testcase classname="backend.tests.test_pinnacle_api.TestMonitoringEndpoints" name="test_add_monitored_page" time="2.681" /><testcase classname="backend.tests.test_pinnacle_api.TestMonitoringEndpoints" name="test_list_monitored_pages" time="0.913" /><testcase classname="backend.tests.test_pinnacle_api.TestReportsEndpoints" name="test_get_overview" time="2.876" /><testcase classname="backend.tests.test_pinnacle_api.TestReportsEndpoints" name="test_get_trends" time="0.874" /><testcase classname="backend.tests.test_pinnacle_api.TestReportsEndpoints" name="test_get_competitors" time="0.903" /><testcase classname="backend.tests.test_pinnacle_api.TestAdvancedAuditEndpoints" name="test_run_advanced_audit" time="2.929" /><testcase classname="backend.tests.test_pinnacle_api.TestStrategySimulatorEndpoints" name="test_simulate_strategy" time="2.985" /><testcase classname="backend.tests.test_pinnacle_api.TestStrategySimulatorEndpoints" name="test_simulate_invalid_strategy" time="0.818" /><testcase classname="backend.tests.test_pinnacle_api.TestEnterpriseEndpoints" name="test_competitor_comparison" time="3.985" /><testcase classname="backend.tests.test_pinnacle_api.TestEnterpriseEndpoints" name="test_competitor_comparison_no_competitors" time="0.822" /><testcase classname="backend.tests.test_pinnacle_api.TestEnterpriseEndpoints" name="test_executive_summary" time="0.626" /><testcase classname="backend.tests.test_pinnacle_api.TestEnterpriseEndpoints" name="test_sensitivity_test" time="0.926" /><testcase classname="backend.tests.test_pinnacle_api.TestEnterpriseEndpoints" name="test_sensitivity_invalid_mode" time="0.909" /></testsuite></testsuites>